<?xml version="1.0" encoding="UTF-8"?>
<testsuite xmlns:xsi="http://www.w3.org/2001/XMLSchema-instance" xsi:noNamespaceSchemaLocation="https://maven.apache.org/surefire/maven-surefire-plugin/xsd/surefire-test-report-3.0.xsd" version="3.0" name="com.Servicios.HogarExpert.HogarExpertApplicationTests" time="9.229" tests="1" errors="0" skipped="0" failures="0">
  <properties>
[...]
</properties>
  <testcase name="contextLoads" classname="com.Servicios.HogarExpert.HogarExpertApplicationTests" time="0.962">
    <system-out><![CDATA[22:25:17.352 [main] INFO org.springframework.test.context.support.AnnotationConfigContextLoaderUtils -- Could not detect default configuration classes for test class [com.Servicios.HogarExpert.HogarExpertApplicationTests]: HogarExpertApplicationTests does not declare any static, non-private, non-final, nested classes annotated with @Configuration.
22:25:17.559 [main] INFO org.springframework.boot.test.context.SpringBootTestContextBootstrapper -- Found @SpringBootConfiguration com.Servicios.HogarExpert.HogarExpertApplication for test class com.Servicios.HogarExpert.HogarExpertApplicationTests
22:25:18.002 [main] INFO org.springframework.boot.devtools.restart.RestartApplicationListener -- Restart disabled due to context in which it is running

  .   ____          _            __ _ _
 /\\ / ___'_ __ _ _(_)_ __  __ _ \ \ \ \
( ( )\___ | '_ | '_| | '_ \/ _` | \ \ \ \
 \\/  ___)| |_)| | | | | || (_| |  ) ) ) )
  '  |____| .__|_| |_|_| |_\__, | / / / /
 =========|_|==============|___/=/_/_/_/
 :: Spring Boot ::                (v3.1.7)

2024-04-21T22:25:18.307-03:00  INFO 20496 --- [           main] c.S.H.HogarExpertApplicationTests        : Starting HogarExpertApplicationTests using Java 17.0.9 with PID 20496 (started by Usuario in C:\Users\Usuario\Documents\NetBeansProjects\HogarExpert)
2024-04-21T22:25:18.309-03:00  INFO 20496 --- [           main] c.S.H.HogarExpertApplicationTests        : No active profile set, falling back to 1 default profile: "default"
2024-04-21T22:25:19.371-03:00  INFO 20496 --- [           main] .s.d.r.c.RepositoryConfigurationDelegate : Bootstrapping Spring Data JPA repositories in DEFAULT mode.
2024-04-21T22:25:19.488-03:00  INFO 20496 --- [           main] .s.d.r.c.RepositoryConfigurationDelegate : Finished Spring Data repository scanning in 100 ms. Found 5 JPA repository interfaces.
2024-04-21T22:25:20.224-03:00  INFO 20496 --- [           main] o.hibernate.jpa.internal.util.LogHelper  : HHH000204: Processing PersistenceUnitInfo [name: default]
2024-04-21T22:25:20.321-03:00  INFO 20496 --- [           main] org.hibernate.Version                    : HHH000412: Hibernate ORM core version 6.2.17.Final
2024-04-21T22:25:20.324-03:00  INFO 20496 --- [           main] org.hibernate.cfg.Environment            : HHH000406: Using bytecode reflection optimizer
2024-04-21T22:25:20.880-03:00  INFO 20496 --- [           main] o.s.o.j.p.SpringPersistenceUnitInfo      : No LoadTimeWeaver setup: ignoring JPA class transformer
2024-04-21T22:25:20.925-03:00  INFO 20496 --- [           main] com.zaxxer.hikari.HikariDataSource       : HikariPool-1 - Starting...
2024-04-21T22:25:21.431-03:00  INFO 20496 --- [           main] com.zaxxer.hikari.pool.HikariPool        : HikariPool-1 - Added connection com.mysql.cj.jdbc.ConnectionImpl@775f15fd
2024-04-21T22:25:21.435-03:00  INFO 20496 --- [           main] com.zaxxer.hikari.HikariDataSource       : HikariPool-1 - Start completed.
2024-04-21T22:25:21.499-03:00  WARN 20496 --- [           main] org.hibernate.orm.deprecation            : HHH90000025: MySQL8Dialect does not need to be specified explicitly using 'hibernate.dialect' (remove the property setting and it will be selected by default)
2024-04-21T22:25:21.500-03:00  WARN 20496 --- [           main] org.hibernate.orm.deprecation            : HHH90000026: MySQL8Dialect has been deprecated; use org.hibernate.dialect.MySQLDialect instead
2024-04-21T22:25:22.831-03:00  INFO 20496 --- [           main] o.h.e.t.j.p.i.JtaPlatformInitiator       : HHH000489: No JTA platform available (set 'hibernate.transaction.jta.platform' to enable JTA platform integration)
2024-04-21T22:25:22.956-03:00  INFO 20496 --- [           main] j.LocalContainerEntityManagerFactoryBean : Initialized JPA EntityManagerFactory for persistence unit 'default'
2024-04-21T22:25:23.441-03:00  INFO 20496 --- [           main] o.s.d.j.r.query.QueryEnhancerFactory     : Hibernate is in classpath; If applicable, HQL parser will be used.
2024-04-21T22:25:24.337-03:00  WARN 20496 --- [           main] JpaBaseConfiguration$JpaWebConfiguration : spring.jpa.open-in-view is enabled by default. Therefore, database queries may be performed during view rendering. Explicitly configure spring.jpa.open-in-view to disable this warning
2024-04-21T22:25:24.829-03:00  INFO 20496 --- [           main] o.s.s.web.DefaultSecurityFilterChain     : Will secure any request with [org.springframework.security.web.session.DisableEncodeUrlFilter@ae49f31, org.springframework.security.web.context.request.async.WebAsyncManagerIntegrationFilter@121fe002, org.springframework.security.web.context.SecurityContextHolderFilter@61a369cf, org.springframework.security.web.header.HeaderWriterFilter@528070fe, org.springframework.web.filter.CorsFilter@d45acab, org.springframework.security.web.authentication.logout.LogoutFilter@a49cdd6, com.Servicios.HogarExpert.Security.Filter.JwtRequestFilter@5069a91b, org.springframework.security.web.savedrequest.RequestCacheAwareFilter@65bc50c9, org.springframework.security.web.servletapi.SecurityContextHolderAwareRequestFilter@7b381066, org.springframework.security.web.authentication.AnonymousAuthenticationFilter@2778a7c3, org.springframework.security.web.session.SessionManagementFilter@53741683, org.springframework.security.web.access.ExceptionTranslationFilter@70c3c5d7, org.springframework.security.web.access.intercept.AuthorizationFilter@529b8e41]
2024-04-21T22:25:25.147-03:00  WARN 20496 --- [           main] ion$DefaultTemplateResolverConfiguration : Cannot find template location: classpath:/templates/ (please add some templates, check your Thymeleaf configuration, or set spring.thymeleaf.check-template-location=false)
2024-04-21T22:25:25.279-03:00  INFO 20496 --- [           main] c.S.H.HogarExpertApplicationTests        : Started HogarExpertApplicationTests in 7.295 seconds (process running for 9.183)
]]></system-out>
  </testcase>
</testsuite>